-------------------------------------------------------------------------------
Test set: it.arancia.security.DomainUserDetailsServiceIntTest
-------------------------------------------------------------------------------
Tests run: 6, Failures: 0, Errors: 6, Skipped: 0, Time elapsed: 13.287 s <<< FAILURE! - in it.arancia.security.DomainUserDetailsServiceIntTest
assertThatUserCanNotBeFoundByEmailIgnoreCase(it.arancia.security.DomainUserDetailsServiceIntTest)  Time elapsed: 0 s  <<< ERROR!
java.lang.IllegalStateException: Failed to load ApplicationContext
Caused by: org.springframework.beans.factory.BeanCreationException: 
Error creating bean with name 'liquibase' defined in class path resource [it/arancia/config/LiquibaseConfiguration.class]: Invocation of init method failed; nested exception is liquibase.exception.MigrationFailedException: Migration failed for change set config/liquibase/changelog/20190112094624_added_entity_Tag.xml::20181108170542-audit-98::jh-arancia:
     Reason: liquibase.exception.DatabaseException: Data conversion error converting "'' (TAG: ABILITATO BOOLEAN)"; SQL statement:
INSERT INTO PUBLIC.tag (id, codice, denominazione, abilitato, created_by) VALUES ('1', 'COMMITTENTE', 'COMMITTENTE', '', 'admin') -- ('1', 'COMMITTENTE', 'COMMITTENTE', '', 'admin') [22018-197] [Failed SQL: INSERT INTO PUBLIC.tag (id, codice, denominazione, abilitato, created_by) VALUES ('1', 'COMMITTENTE', 'COMMITTENTE', '', 'admin')]
Caused by: liquibase.exception.MigrationFailedException: 
Migration failed for change set config/liquibase/changelog/20190112094624_added_entity_Tag.xml::20181108170542-audit-98::jh-arancia:
     Reason: liquibase.exception.DatabaseException: Data conversion error converting "'' (TAG: ABILITATO BOOLEAN)"; SQL statement:
INSERT INTO PUBLIC.tag (id, codice, denominazione, abilitato, created_by) VALUES ('1', 'COMMITTENTE', 'COMMITTENTE', '', 'admin') -- ('1', 'COMMITTENTE', 'COMMITTENTE', '', 'admin') [22018-197] [Failed SQL: INSERT INTO PUBLIC.tag (id, codice, denominazione, abilitato, created_by) VALUES ('1', 'COMMITTENTE', 'COMMITTENTE', '', 'admin')]
Caused by: liquibase.exception.DatabaseException: 
Data conversion error converting "'' (TAG: ABILITATO BOOLEAN)"; SQL statement:
INSERT INTO PUBLIC.tag (id, codice, denominazione, abilitato, created_by) VALUES ('1', 'COMMITTENTE', 'COMMITTENTE', '', 'admin') -- ('1', 'COMMITTENTE', 'COMMITTENTE', '', 'admin') [22018-197] [Failed SQL: INSERT INTO PUBLIC.tag (id, codice, denominazione, abilitato, created_by) VALUES ('1', 'COMMITTENTE', 'COMMITTENTE', '', 'admin')]
Caused by: org.h2.jdbc.JdbcSQLException: 
Data conversion error converting "'' (TAG: ABILITATO BOOLEAN)"; SQL statement:
INSERT INTO PUBLIC.tag (id, codice, denominazione, abilitato, created_by) VALUES ('1', 'COMMITTENTE', 'COMMITTENTE', '', 'admin') -- ('1', 'COMMITTENTE', 'COMMITTENTE', '', 'admin') [22018-197]
Caused by: org.h2.message.DbException: Data conversion error converting  [22018-197]
Caused by: org.h2.jdbc.JdbcSQLException: Data conversion error converting  [22018-197]
Caused by: java.lang.NumberFormatException

assertThatEmailIsPrioritizedOverLogin(it.arancia.security.DomainUserDetailsServiceIntTest)  Time elapsed: 0 s  <<< ERROR!
java.lang.IllegalStateException: Failed to load ApplicationContext
Caused by: org.springframework.beans.factory.BeanCreationException: 
Error creating bean with name 'liquibase' defined in class path resource [it/arancia/config/LiquibaseConfiguration.class]: Invocation of init method failed; nested exception is liquibase.exception.MigrationFailedException: Migration failed for change set config/liquibase/changelog/20190112094624_added_entity_Tag.xml::20181108170542-audit-98::jh-arancia:
     Reason: liquibase.exception.DatabaseException: Data conversion error converting "'' (TAG: ABILITATO BOOLEAN)"; SQL statement:
INSERT INTO PUBLIC.tag (id, codice, denominazione, abilitato, created_by) VALUES ('1', 'COMMITTENTE', 'COMMITTENTE', '', 'admin') -- ('1', 'COMMITTENTE', 'COMMITTENTE', '', 'admin') [22018-197] [Failed SQL: INSERT INTO PUBLIC.tag (id, codice, denominazione, abilitato, created_by) VALUES ('1', 'COMMITTENTE', 'COMMITTENTE', '', 'admin')]
Caused by: liquibase.exception.MigrationFailedException: 
Migration failed for change set config/liquibase/changelog/20190112094624_added_entity_Tag.xml::20181108170542-audit-98::jh-arancia:
     Reason: liquibase.exception.DatabaseException: Data conversion error converting "'' (TAG: ABILITATO BOOLEAN)"; SQL statement:
INSERT INTO PUBLIC.tag (id, codice, denominazione, abilitato, created_by) VALUES ('1', 'COMMITTENTE', 'COMMITTENTE', '', 'admin') -- ('1', 'COMMITTENTE', 'COMMITTENTE', '', 'admin') [22018-197] [Failed SQL: INSERT INTO PUBLIC.tag (id, codice, denominazione, abilitato, created_by) VALUES ('1', 'COMMITTENTE', 'COMMITTENTE', '', 'admin')]
Caused by: liquibase.exception.DatabaseException: 
Data conversion error converting "'' (TAG: ABILITATO BOOLEAN)"; SQL statement:
INSERT INTO PUBLIC.tag (id, codice, denominazione, abilitato, created_by) VALUES ('1', 'COMMITTENTE', 'COMMITTENTE', '', 'admin') -- ('1', 'COMMITTENTE', 'COMMITTENTE', '', 'admin') [22018-197] [Failed SQL: INSERT INTO PUBLIC.tag (id, codice, denominazione, abilitato, created_by) VALUES ('1', 'COMMITTENTE', 'COMMITTENTE', '', 'admin')]
Caused by: org.h2.jdbc.JdbcSQLException: 
Data conversion error converting "'' (TAG: ABILITATO BOOLEAN)"; SQL statement:
INSERT INTO PUBLIC.tag (id, codice, denominazione, abilitato, created_by) VALUES ('1', 'COMMITTENTE', 'COMMITTENTE', '', 'admin') -- ('1', 'COMMITTENTE', 'COMMITTENTE', '', 'admin') [22018-197]
Caused by: org.h2.message.DbException: Data conversion error converting  [22018-197]
Caused by: org.h2.jdbc.JdbcSQLException: Data conversion error converting  [22018-197]
Caused by: java.lang.NumberFormatException

assertThatUserNotActivatedExceptionIsThrownForNotActivatedUsers(it.arancia.security.DomainUserDetailsServiceIntTest)  Time elapsed: 0 s  <<< ERROR!
java.lang.IllegalStateException: Failed to load ApplicationContext
Caused by: org.springframework.beans.factory.BeanCreationException: 
Error creating bean with name 'liquibase' defined in class path resource [it/arancia/config/LiquibaseConfiguration.class]: Invocation of init method failed; nested exception is liquibase.exception.MigrationFailedException: Migration failed for change set config/liquibase/changelog/20190112094624_added_entity_Tag.xml::20181108170542-audit-98::jh-arancia:
     Reason: liquibase.exception.DatabaseException: Data conversion error converting "'' (TAG: ABILITATO BOOLEAN)"; SQL statement:
INSERT INTO PUBLIC.tag (id, codice, denominazione, abilitato, created_by) VALUES ('1', 'COMMITTENTE', 'COMMITTENTE', '', 'admin') -- ('1', 'COMMITTENTE', 'COMMITTENTE', '', 'admin') [22018-197] [Failed SQL: INSERT INTO PUBLIC.tag (id, codice, denominazione, abilitato, created_by) VALUES ('1', 'COMMITTENTE', 'COMMITTENTE', '', 'admin')]
Caused by: liquibase.exception.MigrationFailedException: 
Migration failed for change set config/liquibase/changelog/20190112094624_added_entity_Tag.xml::20181108170542-audit-98::jh-arancia:
     Reason: liquibase.exception.DatabaseException: Data conversion error converting "'' (TAG: ABILITATO BOOLEAN)"; SQL statement:
INSERT INTO PUBLIC.tag (id, codice, denominazione, abilitato, created_by) VALUES ('1', 'COMMITTENTE', 'COMMITTENTE', '', 'admin') -- ('1', 'COMMITTENTE', 'COMMITTENTE', '', 'admin') [22018-197] [Failed SQL: INSERT INTO PUBLIC.tag (id, codice, denominazione, abilitato, created_by) VALUES ('1', 'COMMITTENTE', 'COMMITTENTE', '', 'admin')]
Caused by: liquibase.exception.DatabaseException: 
Data conversion error converting "'' (TAG: ABILITATO BOOLEAN)"; SQL statement:
INSERT INTO PUBLIC.tag (id, codice, denominazione, abilitato, created_by) VALUES ('1', 'COMMITTENTE', 'COMMITTENTE', '', 'admin') -- ('1', 'COMMITTENTE', 'COMMITTENTE', '', 'admin') [22018-197] [Failed SQL: INSERT INTO PUBLIC.tag (id, codice, denominazione, abilitato, created_by) VALUES ('1', 'COMMITTENTE', 'COMMITTENTE', '', 'admin')]
Caused by: org.h2.jdbc.JdbcSQLException: 
Data conversion error converting "'' (TAG: ABILITATO BOOLEAN)"; SQL statement:
INSERT INTO PUBLIC.tag (id, codice, denominazione, abilitato, created_by) VALUES ('1', 'COMMITTENTE', 'COMMITTENTE', '', 'admin') -- ('1', 'COMMITTENTE', 'COMMITTENTE', '', 'admin') [22018-197]
Caused by: org.h2.message.DbException: Data conversion error converting  [22018-197]
Caused by: org.h2.jdbc.JdbcSQLException: Data conversion error converting  [22018-197]
Caused by: java.lang.NumberFormatException

assertThatUserCanBeFoundByLoginIgnoreCase(it.arancia.security.DomainUserDetailsServiceIntTest)  Time elapsed: 0 s  <<< ERROR!
java.lang.IllegalStateException: Failed to load ApplicationContext
Caused by: org.springframework.beans.factory.BeanCreationException: 
Error creating bean with name 'liquibase' defined in class path resource [it/arancia/config/LiquibaseConfiguration.class]: Invocation of init method failed; nested exception is liquibase.exception.MigrationFailedException: Migration failed for change set config/liquibase/changelog/20190112094624_added_entity_Tag.xml::20181108170542-audit-98::jh-arancia:
     Reason: liquibase.exception.DatabaseException: Data conversion error converting "'' (TAG: ABILITATO BOOLEAN)"; SQL statement:
INSERT INTO PUBLIC.tag (id, codice, denominazione, abilitato, created_by) VALUES ('1', 'COMMITTENTE', 'COMMITTENTE', '', 'admin') -- ('1', 'COMMITTENTE', 'COMMITTENTE', '', 'admin') [22018-197] [Failed SQL: INSERT INTO PUBLIC.tag (id, codice, denominazione, abilitato, created_by) VALUES ('1', 'COMMITTENTE', 'COMMITTENTE', '', 'admin')]
Caused by: liquibase.exception.MigrationFailedException: 
Migration failed for change set config/liquibase/changelog/20190112094624_added_entity_Tag.xml::20181108170542-audit-98::jh-arancia:
     Reason: liquibase.exception.DatabaseException: Data conversion error converting "'' (TAG: ABILITATO BOOLEAN)"; SQL statement:
INSERT INTO PUBLIC.tag (id, codice, denominazione, abilitato, created_by) VALUES ('1', 'COMMITTENTE', 'COMMITTENTE', '', 'admin') -- ('1', 'COMMITTENTE', 'COMMITTENTE', '', 'admin') [22018-197] [Failed SQL: INSERT INTO PUBLIC.tag (id, codice, denominazione, abilitato, created_by) VALUES ('1', 'COMMITTENTE', 'COMMITTENTE', '', 'admin')]
Caused by: liquibase.exception.DatabaseException: 
Data conversion error converting "'' (TAG: ABILITATO BOOLEAN)"; SQL statement:
INSERT INTO PUBLIC.tag (id, codice, denominazione, abilitato, created_by) VALUES ('1', 'COMMITTENTE', 'COMMITTENTE', '', 'admin') -- ('1', 'COMMITTENTE', 'COMMITTENTE', '', 'admin') [22018-197] [Failed SQL: INSERT INTO PUBLIC.tag (id, codice, denominazione, abilitato, created_by) VALUES ('1', 'COMMITTENTE', 'COMMITTENTE', '', 'admin')]
Caused by: org.h2.jdbc.JdbcSQLException: 
Data conversion error converting "'' (TAG: ABILITATO BOOLEAN)"; SQL statement:
INSERT INTO PUBLIC.tag (id, codice, denominazione, abilitato, created_by) VALUES ('1', 'COMMITTENTE', 'COMMITTENTE', '', 'admin') -- ('1', 'COMMITTENTE', 'COMMITTENTE', '', 'admin') [22018-197]
Caused by: org.h2.message.DbException: Data conversion error converting  [22018-197]
Caused by: org.h2.jdbc.JdbcSQLException: Data conversion error converting  [22018-197]
Caused by: java.lang.NumberFormatException

assertThatUserCanBeFoundByEmail(it.arancia.security.DomainUserDetailsServiceIntTest)  Time elapsed: 0 s  <<< ERROR!
java.lang.IllegalStateException: Failed to load ApplicationContext
Caused by: org.springframework.beans.factory.BeanCreationException: 
Error creating bean with name 'liquibase' defined in class path resource [it/arancia/config/LiquibaseConfiguration.class]: Invocation of init method failed; nested exception is liquibase.exception.MigrationFailedException: Migration failed for change set config/liquibase/changelog/20190112094624_added_entity_Tag.xml::20181108170542-audit-98::jh-arancia:
     Reason: liquibase.exception.DatabaseException: Data conversion error converting "'' (TAG: ABILITATO BOOLEAN)"; SQL statement:
INSERT INTO PUBLIC.tag (id, codice, denominazione, abilitato, created_by) VALUES ('1', 'COMMITTENTE', 'COMMITTENTE', '', 'admin') -- ('1', 'COMMITTENTE', 'COMMITTENTE', '', 'admin') [22018-197] [Failed SQL: INSERT INTO PUBLIC.tag (id, codice, denominazione, abilitato, created_by) VALUES ('1', 'COMMITTENTE', 'COMMITTENTE', '', 'admin')]
Caused by: liquibase.exception.MigrationFailedException: 
Migration failed for change set config/liquibase/changelog/20190112094624_added_entity_Tag.xml::20181108170542-audit-98::jh-arancia:
     Reason: liquibase.exception.DatabaseException: Data conversion error converting "'' (TAG: ABILITATO BOOLEAN)"; SQL statement:
INSERT INTO PUBLIC.tag (id, codice, denominazione, abilitato, created_by) VALUES ('1', 'COMMITTENTE', 'COMMITTENTE', '', 'admin') -- ('1', 'COMMITTENTE', 'COMMITTENTE', '', 'admin') [22018-197] [Failed SQL: INSERT INTO PUBLIC.tag (id, codice, denominazione, abilitato, created_by) VALUES ('1', 'COMMITTENTE', 'COMMITTENTE', '', 'admin')]
Caused by: liquibase.exception.DatabaseException: 
Data conversion error converting "'' (TAG: ABILITATO BOOLEAN)"; SQL statement:
INSERT INTO PUBLIC.tag (id, codice, denominazione, abilitato, created_by) VALUES ('1', 'COMMITTENTE', 'COMMITTENTE', '', 'admin') -- ('1', 'COMMITTENTE', 'COMMITTENTE', '', 'admin') [22018-197] [Failed SQL: INSERT INTO PUBLIC.tag (id, codice, denominazione, abilitato, created_by) VALUES ('1', 'COMMITTENTE', 'COMMITTENTE', '', 'admin')]
Caused by: org.h2.jdbc.JdbcSQLException: 
Data conversion error converting "'' (TAG: ABILITATO BOOLEAN)"; SQL statement:
INSERT INTO PUBLIC.tag (id, codice, denominazione, abilitato, created_by) VALUES ('1', 'COMMITTENTE', 'COMMITTENTE', '', 'admin') -- ('1', 'COMMITTENTE', 'COMMITTENTE', '', 'admin') [22018-197]
Caused by: org.h2.message.DbException: Data conversion error converting  [22018-197]
Caused by: org.h2.jdbc.JdbcSQLException: Data conversion error converting  [22018-197]
Caused by: java.lang.NumberFormatException

assertThatUserCanBeFoundByLogin(it.arancia.security.DomainUserDetailsServiceIntTest)  Time elapsed: 0 s  <<< ERROR!
java.lang.IllegalStateException: Failed to load ApplicationContext
Caused by: org.springframework.beans.factory.BeanCreationException: 
Error creating bean with name 'liquibase' defined in class path resource [it/arancia/config/LiquibaseConfiguration.class]: Invocation of init method failed; nested exception is liquibase.exception.MigrationFailedException: Migration failed for change set config/liquibase/changelog/20190112094624_added_entity_Tag.xml::20181108170542-audit-98::jh-arancia:
     Reason: liquibase.exception.DatabaseException: Data conversion error converting "'' (TAG: ABILITATO BOOLEAN)"; SQL statement:
INSERT INTO PUBLIC.tag (id, codice, denominazione, abilitato, created_by) VALUES ('1', 'COMMITTENTE', 'COMMITTENTE', '', 'admin') -- ('1', 'COMMITTENTE', 'COMMITTENTE', '', 'admin') [22018-197] [Failed SQL: INSERT INTO PUBLIC.tag (id, codice, denominazione, abilitato, created_by) VALUES ('1', 'COMMITTENTE', 'COMMITTENTE', '', 'admin')]
Caused by: liquibase.exception.MigrationFailedException: 
Migration failed for change set config/liquibase/changelog/20190112094624_added_entity_Tag.xml::20181108170542-audit-98::jh-arancia:
     Reason: liquibase.exception.DatabaseException: Data conversion error converting "'' (TAG: ABILITATO BOOLEAN)"; SQL statement:
INSERT INTO PUBLIC.tag (id, codice, denominazione, abilitato, created_by) VALUES ('1', 'COMMITTENTE', 'COMMITTENTE', '', 'admin') -- ('1', 'COMMITTENTE', 'COMMITTENTE', '', 'admin') [22018-197] [Failed SQL: INSERT INTO PUBLIC.tag (id, codice, denominazione, abilitato, created_by) VALUES ('1', 'COMMITTENTE', 'COMMITTENTE', '', 'admin')]
Caused by: liquibase.exception.DatabaseException: 
Data conversion error converting "'' (TAG: ABILITATO BOOLEAN)"; SQL statement:
INSERT INTO PUBLIC.tag (id, codice, denominazione, abilitato, created_by) VALUES ('1', 'COMMITTENTE', 'COMMITTENTE', '', 'admin') -- ('1', 'COMMITTENTE', 'COMMITTENTE', '', 'admin') [22018-197] [Failed SQL: INSERT INTO PUBLIC.tag (id, codice, denominazione, abilitato, created_by) VALUES ('1', 'COMMITTENTE', 'COMMITTENTE', '', 'admin')]
Caused by: org.h2.jdbc.JdbcSQLException: 
Data conversion error converting "'' (TAG: ABILITATO BOOLEAN)"; SQL statement:
INSERT INTO PUBLIC.tag (id, codice, denominazione, abilitato, created_by) VALUES ('1', 'COMMITTENTE', 'COMMITTENTE', '', 'admin') -- ('1', 'COMMITTENTE', 'COMMITTENTE', '', 'admin') [22018-197]
Caused by: org.h2.message.DbException: Data conversion error converting  [22018-197]
Caused by: org.h2.jdbc.JdbcSQLException: Data conversion error converting  [22018-197]
Caused by: java.lang.NumberFormatException

