<?xml version="1.0" encoding="UTF-8"?>
<testsuite xmlns:xsi="http://www.w3.org/2001/XMLSchema-instance" xsi:noNamespaceSchemaLocation="https://maven.apache.org/surefire/maven-surefire-plugin/xsd/surefire-test-report.xsd" name="it.arancia.config.WebConfigurerTest" time="6.093" tests="8" errors="0" skipped="0" failures="0">
  <properties>
[...]
</properties>
  <testcase name="testCorsFilterOnOtherPath" classname="it.arancia.config.WebConfigurerTest" time="5.41"/>
  <testcase name="testCorsFilterDeactivated" classname="it.arancia.config.WebConfigurerTest" time="0.037"/>
  <testcase name="testStartUpProdServletContext" classname="it.arancia.config.WebConfigurerTest" time="0.18"/>
  <testcase name="testUndertowHttp2Enabled" classname="it.arancia.config.WebConfigurerTest" time="0.103"/>
  <testcase name="testCorsFilterOnApiPath" classname="it.arancia.config.WebConfigurerTest" time="0.057"/>
  <testcase name="testStartUpDevServletContext" classname="it.arancia.config.WebConfigurerTest" time="0.009"/>
  <testcase name="testCorsFilterDeactivated2" classname="it.arancia.config.WebConfigurerTest" time="0.05"/>
  <testcase name="testCustomizeServletContainer" classname="it.arancia.config.WebConfigurerTest" time="0.015"/>
</testsuite>